<?xml version="1.0" encoding="UTF-8"?>
<!-- Generated by org.testng.reporters.JUnitXMLReporter -->
<testsuite hostname="NXT-LT063" ignored="0" name="Test" tests="2" failures="0" timestamp="06 Oct 2019 12:12:12 GMT" time="31.942" errors="0">
  <testcase name="@BeforeMethod beforeMethod" time="7.389" classname="com.leafBot.testng.api.base.ProjectSpecificMethods">
    <failure type="java.lang.RuntimeException">
      <![CDATA[java.lang.RuntimeException
at com.leafBot.selenium.api.base.SeleniumBase.startApp(SeleniumBase.java:273)
at com.leafBot.testng.api.base.ProjectSpecificMethods.beforeMethod(ProjectSpecificMethods.java:22)
... Removed 28 stack frames]]>
    </failure>
  </testcase> <!-- @BeforeMethod beforeMethod -->
  <testcase name="@AfterMethod afterMethod" time="0.0" classname="com.leafBot.testng.api.base.ProjectSpecificMethods">
    <skipped/>
  </testcase> <!-- @AfterMethod afterMethod -->
  <testcase name="runTC001" time="16.78" classname="com.leafBot.testcases.TC001_CreateLead"/>
  <testcase name="runTC001" time="0.0" classname="com.leafBot.testcases.TC001_CreateLead">
    <skipped/>
  </testcase> <!-- runTC001 -->
</testsuite> <!-- Test -->
